0 verbose cli C:\Program Files\nodejs\node.exe C:\Program Files\nodejs\node_modules\npm\bin\npm-cli.js
1 info using npm@10.8.2
2 info using node@v20.18.0
3 silly config load:file:C:\Program Files\nodejs\node_modules\npm\npmrc
4 silly config load:file:C:\Users\MY\Desktop\projects\portfolio-website\.npmrc
5 silly config load:file:C:\Users\MY\.npmrc
6 silly config load:file:C:\Users\MY\Desktop\projects\portfolio-website\UsersMYAppDataRoamingnpm\etc\npmrc
7 verbose title npm run deev
8 verbose argv "run" "deev"
9 verbose logfile logs-max:10 dir:C:\Users\MY\Desktop\projects\portfolio-website\UsersMYAppDataLocalnpm-cache\_logs\2024-11-26T10_18_21_207Z-
10 verbose logfile C:\Users\MY\Desktop\projects\portfolio-website\UsersMYAppDataLocalnpm-cache\_logs\2024-11-26T10_18_21_207Z-debug-0.log
11 silly logfile done cleaning log files
12 verbose stack Error: Missing script: "deev"
12 verbose stack
12 verbose stack Did you mean this?
12 verbose stack   npm run dev # run the "dev" package script
12 verbose stack
12 verbose stack To see a list of scripts, run:
12 verbose stack   npm run
12 verbose stack     at #run (C:\Program Files\nodejs\node_modules\npm\lib\commands\run-script.js:110:13)
12 verbose stack     at async RunScript.exec (C:\Program Files\nodejs\node_modules\npm\lib\commands\run-script.js:39:7)
12 verbose stack     at async Npm.exec (C:\Program Files\nodejs\node_modules\npm\lib\npm.js:207:9)
12 verbose stack     at async module.exports (C:\Program Files\nodejs\node_modules\npm\lib\cli\entry.js:74:5)
13 error Missing script: "deev"
13 error
13 error Did you mean this?
13 error   npm run dev # run the "dev" package script
13 error
13 error To see a list of scripts, run:
13 error   npm run
14 verbose cwd C:\Users\MY\Desktop\projects\portfolio-website
15 verbose os Windows_NT 10.0.22631
16 verbose node v20.18.0
17 verbose npm  v10.8.2
18 verbose exit 1
19 verbose code 1
20 error A complete log of this run can be found in: C:\Users\MY\Desktop\projects\portfolio-website\UsersMYAppDataLocalnpm-cache\_logs\2024-11-26T10_18_21_207Z-debug-0.log
